<?xml version="1.0" encoding="UTF-8"?>
<!-- Generated by org.testng.reporters.JUnitXMLReporter -->
<testsuite ignored="0" hostname="LAPTOP-TRL5FLUM" failures="4" tests="34" name="Test" time="30.985" errors="0" timestamp="2022-05-07T22:17:05 IST">
  <testcase classname="com.employee.testcase.TC005_Delete_Employee_Record" name="@BeforeClass deleteEmployee" time="0.778">
    <failure type="io.restassured.path.json.exception.JsonPathException" message="Failed to parse the JSON document">
      <![CDATA[io.restassured.path.json.exception.JsonPathException: Failed to parse the JSON document
at io.restassured.path.json.JsonPath$ExceptionCatcher.invoke(JsonPath.java:1002)
at io.restassured.path.json.JsonPath$4.doParseWith(JsonPath.java:967)
at io.restassured.path.json.JsonPath$JsonParser.parseWith(JsonPath.java:1047)
at io.restassured.path.json.JsonPath.get(JsonPath.java:202)
at com.employee.testcase.TC005_Delete_Employee_Record.deleteEmployee(TC005_Delete_Employee_Record.java:52)
at java.base/java.util.ArrayList.forEach(ArrayList.java:1511)
Caused by: groovy.json.JsonException: Lexing failed on line: 1, column: 1, while reading '<', no possible valid JSON value or punctuation could be recognized.
at groovy.json.JsonLexer.nextToken(JsonLexer.java:86)
at groovy.json.JsonLexer$nextToken.call(Unknown Source)
at io.restassured.internal.path.json.ConfigurableJsonSlurper.parse(ConfigurableJsonSlurper.groovy:97)
at io.restassured.internal.path.json.ConfigurableJsonSlurper$parse.callCurrent(Unknown Source)
at io.restassured.internal.path.json.ConfigurableJsonSlurper.parseText(ConfigurableJsonSlurper.groovy:83)
at io.restassured.path.json.JsonPath$4$1.method(JsonPath.java:965)
at io.restassured.path.json.JsonPath$ExceptionCatcher.invoke(JsonPath.java:1000)
... 30 more
... Removed 25 stack frames]]>
    </failure>
  </testcase> <!-- @BeforeClass deleteEmployee -->
  <testcase classname="com.employee.testcase.TC005_Delete_Employee_Record" name="@AfterClass tearDown" time="0.0">
    <skipped/>
  </testcase> <!-- @AfterClass tearDown -->
  <testcase classname="com.employee.testcase.TC001_Get_All_Employees" name="checkContentLenght" time="0.011"/>
  <testcase classname="com.employee.testcase.TC001_Get_All_Employees" name="checkContentType" time="0.004">
    <failure type="java.lang.AssertionError" message="expected [text/html; charset=UTF-8] but found [application/json]">
      <![CDATA[java.lang.AssertionError: expected [text/html; charset=UTF-8] but found [application/json]
at com.employee.testcase.TC001_Get_All_Employees.checkContentType(TC001_Get_All_Employees.java:112)
at java.base/java.util.ArrayList.forEach(ArrayList.java:1511)
... Removed 33 stack frames]]>
    </failure>
  </testcase> <!-- checkContentType -->
  <testcase classname="com.employee.testcase.TC001_Get_All_Employees" name="checkCookies" time="0.003"/>
  <testcase classname="com.employee.testcase.TC001_Get_All_Employees" name="checkResponseTime" time="0.004"/>
  <testcase classname="com.employee.testcase.TC001_Get_All_Employees" name="checkResposeBody" time="0.031"/>
  <testcase classname="com.employee.testcase.TC001_Get_All_Employees" name="checkStatusCode" time="0.004"/>
  <testcase classname="com.employee.testcase.TC001_Get_All_Employees" name="checkcontentEncoding" time="0.003"/>
  <testcase classname="com.employee.testcase.TC001_Get_All_Employees" name="checkserverType" time="0.004"/>
  <testcase classname="com.employee.testcase.TC001_Get_All_Employees" name="checkstatusLine" time="0.004"/>
  <testcase classname="com.employee.testcase.TC002_Get_Single_Employee_Record" name="checkContentLenght" time="0.002"/>
  <testcase classname="com.employee.testcase.TC002_Get_Single_Employee_Record" name="checkContentType" time="0.001">
    <failure type="java.lang.AssertionError" message="expected [application/json] but found [text/html; charset=UTF-8]">
      <![CDATA[java.lang.AssertionError: expected [application/json] but found [text/html; charset=UTF-8]
at com.employee.testcase.TC002_Get_Single_Employee_Record.checkContentType(TC002_Get_Single_Employee_Record.java:80)
at java.base/java.util.ArrayList.forEach(ArrayList.java:1511)
... Removed 33 stack frames]]>
    </failure>
  </testcase> <!-- checkContentType -->
  <testcase classname="com.employee.testcase.TC002_Get_Single_Employee_Record" name="checkResponseTime" time="0.001"/>
  <testcase classname="com.employee.testcase.TC002_Get_Single_Employee_Record" name="checkResposeBody" time="0.009"/>
  <testcase classname="com.employee.testcase.TC002_Get_Single_Employee_Record" name="checkStatusCode" time="0.001">
    <failure type="java.lang.AssertionError" message="expected [200] but found [429]">
      <![CDATA[java.lang.AssertionError: expected [200] but found [429]
at com.employee.testcase.TC002_Get_Single_Employee_Record.checkStatusCode(TC002_Get_Single_Employee_Record.java:57)
at java.base/java.util.ArrayList.forEach(ArrayList.java:1511)
... Removed 33 stack frames]]>
    </failure>
  </testcase> <!-- checkStatusCode -->
  <testcase classname="com.employee.testcase.TC002_Get_Single_Employee_Record" name="checkserverType" time="0.001"/>
  <testcase classname="com.employee.testcase.TC002_Get_Single_Employee_Record" name="checkstatusLine" time="0.001">
    <failure type="java.lang.AssertionError" message="expected [HTTP/1.1 200 OK] but found [HTTP/1.1 429 Too Many Requests]">
      <![CDATA[java.lang.AssertionError: expected [HTTP/1.1 200 OK] but found [HTTP/1.1 429 Too Many Requests]
at com.employee.testcase.TC002_Get_Single_Employee_Record.checkstatusLine(TC002_Get_Single_Employee_Record.java:72)
at java.base/java.util.ArrayList.forEach(ArrayList.java:1511)
... Removed 33 stack frames]]>
    </failure>
  </testcase> <!-- checkstatusLine -->
  <testcase classname="com.employee.testcase.TC003_Post_Employee_Record" name="checkContentType" time="0.001"/>
  <testcase classname="com.employee.testcase.TC003_Post_Employee_Record" name="checkResposeBody" time="1.017"/>
  <testcase classname="com.employee.testcase.TC003_Post_Employee_Record" name="checkStatusCode" time="0.001"/>
  <testcase classname="com.employee.testcase.TC003_Post_Employee_Record" name="checkcontentEncoding" time="0.001"/>
  <testcase classname="com.employee.testcase.TC003_Post_Employee_Record" name="checkserverType" time="0.002"/>
  <testcase classname="com.employee.testcase.TC003_Post_Employee_Record" name="checkstatusLine" time="0.001"/>
  <testcase classname="com.employee.testcase.TC004_Put_Employee_Record" name="checkContentType" time="0.002"/>
  <testcase classname="com.employee.testcase.TC004_Put_Employee_Record" name="checkResposeBody" time="0.02"/>
  <testcase classname="com.employee.testcase.TC004_Put_Employee_Record" name="checkStatusCode" time="0.001"/>
  <testcase classname="com.employee.testcase.TC004_Put_Employee_Record" name="checkcontentEncoding" time="0.0"/>
  <testcase classname="com.employee.testcase.TC004_Put_Employee_Record" name="checkserverType" time="0.001"/>
  <testcase classname="com.employee.testcase.TC004_Put_Employee_Record" name="checkstatusLine" time="0.035"/>
  <testcase classname="com.employee.testcase.TC005_Delete_Employee_Record" name="checkContentType" time="0.0">
    <skipped/>
  </testcase> <!-- checkContentType -->
  <testcase classname="com.employee.testcase.TC005_Delete_Employee_Record" name="checkResposeBody" time="0.0">
    <skipped/>
  </testcase> <!-- checkResposeBody -->
  <testcase classname="com.employee.testcase.TC005_Delete_Employee_Record" name="checkStatusCode" time="0.0">
    <skipped/>
  </testcase> <!-- checkStatusCode -->
  <testcase classname="com.employee.testcase.TC005_Delete_Employee_Record" name="checkcontentEncoding" time="0.0">
    <skipped/>
  </testcase> <!-- checkcontentEncoding -->
  <testcase classname="com.employee.testcase.TC005_Delete_Employee_Record" name="checkserverType" time="0.0">
    <skipped/>
  </testcase> <!-- checkserverType -->
  <testcase classname="com.employee.testcase.TC005_Delete_Employee_Record" name="checkstatusLine" time="0.0">
    <skipped/>
  </testcase> <!-- checkstatusLine -->
</testsuite> <!-- Test -->
