<?xml version="1.0" encoding="UTF-8"?>
<!-- Generated by org.testng.reporters.JUnitXMLReporter -->
<testsuite ignored="0" hostname="LAPTOP-TRL5FLUM" failures="15" tests="34" name="Test" time="26.694" errors="0" timestamp="2022-05-01T13:47:35 IST">
  <testcase classname="com.employee.testcase.TC004_Put_Employee_Record" name="checkContentType" time="0.009">
    <failure type="java.lang.AssertionError" message="expected [text/html; charset=UTF-8] but found [application/json]">
      <![CDATA[java.lang.AssertionError: expected [text/html; charset=UTF-8] but found [application/json]
at com.employee.testcase.TC004_Put_Employee_Record.checkContentType(TC004_Put_Employee_Record.java:96)
at java.base/java.util.ArrayList.forEach(ArrayList.java:1511)
... Removed 33 stack frames]]>
    </failure>
  </testcase> <!-- checkContentType -->
  <testcase classname="com.employee.testcase.TC004_Put_Employee_Record" name="checkResposeBody" time="0.027"/>
  <testcase classname="com.employee.testcase.TC004_Put_Employee_Record" name="checkStatusCode" time="0.001"/>
  <testcase classname="com.employee.testcase.TC004_Put_Employee_Record" name="checkcontentEncoding" time="0.001">
    <failure type="java.lang.AssertionError" message="expected [gzip] but found [null]">
      <![CDATA[java.lang.AssertionError: expected [gzip] but found [null]
at com.employee.testcase.TC004_Put_Employee_Record.checkcontentEncoding(TC004_Put_Employee_Record.java:110)
at java.base/java.util.ArrayList.forEach(ArrayList.java:1511)
... Removed 33 stack frames]]>
    </failure>
  </testcase> <!-- checkcontentEncoding -->
  <testcase classname="com.employee.testcase.TC004_Put_Employee_Record" name="checkserverType" time="0.001">
    <failure type="java.lang.AssertionError" message="expected [nginx/1.14.1] but found [nginx]">
      <![CDATA[java.lang.AssertionError: expected [nginx/1.14.1] but found [nginx]
at com.employee.testcase.TC004_Put_Employee_Record.checkserverType(TC004_Put_Employee_Record.java:103)
at java.base/java.util.ArrayList.forEach(ArrayList.java:1511)
... Removed 33 stack frames]]>
    </failure>
  </testcase> <!-- checkserverType -->
  <testcase classname="com.employee.testcase.TC004_Put_Employee_Record" name="checkstatusLine" time="0.001"/>
  <testcase classname="com.employee.testcase.TC005_Delete_Employee_Record" name="checkContentType" time="0.005"/>
  <testcase classname="com.employee.testcase.TC005_Delete_Employee_Record" name="checkResposeBody" time="0.008">
    <failure type="java.lang.AssertionError" message="expected [true] but found [false]">
      <![CDATA[java.lang.AssertionError: expected [true] but found [false]
at com.employee.testcase.TC005_Delete_Employee_Record.checkResposeBody(TC005_Delete_Employee_Record.java:60)
at java.base/java.util.ArrayList.forEach(ArrayList.java:1511)
... Removed 33 stack frames]]>
    </failure>
  </testcase> <!-- checkResposeBody -->
  <testcase classname="com.employee.testcase.TC005_Delete_Employee_Record" name="checkStatusCode" time="0.001">
    <failure type="java.lang.AssertionError" message="expected [200] but found [429]">
      <![CDATA[java.lang.AssertionError: expected [200] but found [429]
at com.employee.testcase.TC005_Delete_Employee_Record.checkStatusCode(TC005_Delete_Employee_Record.java:68)
at java.base/java.util.ArrayList.forEach(ArrayList.java:1511)
... Removed 33 stack frames]]>
    </failure>
  </testcase> <!-- checkStatusCode -->
  <testcase classname="com.employee.testcase.TC005_Delete_Employee_Record" name="checkcontentEncoding" time="0.001"/>
  <testcase classname="com.employee.testcase.TC005_Delete_Employee_Record" name="checkserverType" time="0.001">
    <failure type="java.lang.AssertionError" message="expected [nginx/1.14.1] but found [nginx]">
      <![CDATA[java.lang.AssertionError: expected [nginx/1.14.1] but found [nginx]
at com.employee.testcase.TC005_Delete_Employee_Record.checkserverType(TC005_Delete_Employee_Record.java:90)
at java.base/java.util.ArrayList.forEach(ArrayList.java:1511)
... Removed 33 stack frames]]>
    </failure>
  </testcase> <!-- checkserverType -->
  <testcase classname="com.employee.testcase.TC005_Delete_Employee_Record" name="checkstatusLine" time="0.002">
    <failure type="java.lang.AssertionError" message="expected [HTTP/1.1 200 OK] but found [HTTP/1.1 429 Too Many Requests]">
      <![CDATA[java.lang.AssertionError: expected [HTTP/1.1 200 OK] but found [HTTP/1.1 429 Too Many Requests]
at com.employee.testcase.TC005_Delete_Employee_Record.checkstatusLine(TC005_Delete_Employee_Record.java:75)
at java.base/java.util.ArrayList.forEach(ArrayList.java:1511)
... Removed 33 stack frames]]>
    </failure>
  </testcase> <!-- checkstatusLine -->
  <testcase classname="com.employee.testcase.TC002_Get_Single_Employee_Record" name="checkContentLenght" time="0.002"/>
  <testcase classname="com.employee.testcase.TC002_Get_Single_Employee_Record" name="checkContentType" time="0.002"/>
  <testcase classname="com.employee.testcase.TC002_Get_Single_Employee_Record" name="checkResponseTime" time="0.003"/>
  <testcase classname="com.employee.testcase.TC002_Get_Single_Employee_Record" name="checkResposeBody" time="0.002">
    <failure type="java.lang.AssertionError" message="expected [true] but found [false]">
      <![CDATA[java.lang.AssertionError: expected [true] but found [false]
at com.employee.testcase.TC002_Get_Single_Employee_Record.checkResposeBody(TC002_Get_Single_Employee_Record.java:49)
at java.base/java.util.ArrayList.forEach(ArrayList.java:1511)
... Removed 33 stack frames]]>
    </failure>
  </testcase> <!-- checkResposeBody -->
  <testcase classname="com.employee.testcase.TC002_Get_Single_Employee_Record" name="checkStatusCode" time="0.001">
    <failure type="java.lang.AssertionError" message="expected [200] but found [429]">
      <![CDATA[java.lang.AssertionError: expected [200] but found [429]
at com.employee.testcase.TC002_Get_Single_Employee_Record.checkStatusCode(TC002_Get_Single_Employee_Record.java:56)
at java.base/java.util.ArrayList.forEach(ArrayList.java:1511)
... Removed 33 stack frames]]>
    </failure>
  </testcase> <!-- checkStatusCode -->
  <testcase classname="com.employee.testcase.TC002_Get_Single_Employee_Record" name="checkserverType" time="0.001">
    <failure type="java.lang.AssertionError" message="expected [nginx/1.14.1] but found [nginx]">
      <![CDATA[java.lang.AssertionError: expected [nginx/1.14.1] but found [nginx]
at com.employee.testcase.TC002_Get_Single_Employee_Record.checkserverType(TC002_Get_Single_Employee_Record.java:86)
at java.base/java.util.ArrayList.forEach(ArrayList.java:1511)
... Removed 33 stack frames]]>
    </failure>
  </testcase> <!-- checkserverType -->
  <testcase classname="com.employee.testcase.TC002_Get_Single_Employee_Record" name="checkstatusLine" time="0.001">
    <failure type="java.lang.AssertionError" message="expected [HTTP/1.1 200 OK] but found [HTTP/1.1 429 Too Many Requests]">
      <![CDATA[java.lang.AssertionError: expected [HTTP/1.1 200 OK] but found [HTTP/1.1 429 Too Many Requests]
at com.employee.testcase.TC002_Get_Single_Employee_Record.checkstatusLine(TC002_Get_Single_Employee_Record.java:71)
at java.base/java.util.ArrayList.forEach(ArrayList.java:1511)
... Removed 33 stack frames]]>
    </failure>
  </testcase> <!-- checkstatusLine -->
  <testcase classname="com.employee.testcase.TC001_Get_All_Employees" name="checkContentLenght" time="0.004"/>
  <testcase classname="com.employee.testcase.TC001_Get_All_Employees" name="checkContentType" time="0.003"/>
  <testcase classname="com.employee.testcase.TC001_Get_All_Employees" name="checkCookies" time="0.002"/>
  <testcase classname="com.employee.testcase.TC001_Get_All_Employees" name="checkResponseTime" time="0.002"/>
  <testcase classname="com.employee.testcase.TC001_Get_All_Employees" name="checkResposeBody" time="0.005"/>
  <testcase classname="com.employee.testcase.TC001_Get_All_Employees" name="checkStatusCode" time="0.002"/>
  <testcase classname="com.employee.testcase.TC001_Get_All_Employees" name="checkcontentEncoding" time="0.002"/>
  <testcase classname="com.employee.testcase.TC001_Get_All_Employees" name="checkserverType" time="0.002"/>
  <testcase classname="com.employee.testcase.TC001_Get_All_Employees" name="checkstatusLine" time="0.001"/>
  <testcase classname="com.employee.testcase.TC003_Post_Employee_Record" name="checkContentType" time="0.002"/>
  <testcase classname="com.employee.testcase.TC003_Post_Employee_Record" name="checkResposeBody" time="0.002">
    <failure type="java.lang.AssertionError" message="expected [true] but found [false]">
      <![CDATA[java.lang.AssertionError: expected [true] but found [false]
at com.employee.testcase.TC003_Post_Employee_Record.checkResposeBody(TC003_Post_Employee_Record.java:72)
at java.base/java.util.ArrayList.forEach(ArrayList.java:1511)
... Removed 33 stack frames]]>
    </failure>
  </testcase> <!-- checkResposeBody -->
  <testcase classname="com.employee.testcase.TC003_Post_Employee_Record" name="checkStatusCode" time="0.001">
    <failure type="java.lang.AssertionError" message="expected [200] but found [429]">
      <![CDATA[java.lang.AssertionError: expected [200] but found [429]
at com.employee.testcase.TC003_Post_Employee_Record.checkStatusCode(TC003_Post_Employee_Record.java:81)
at java.base/java.util.ArrayList.forEach(ArrayList.java:1511)
... Removed 33 stack frames]]>
    </failure>
  </testcase> <!-- checkStatusCode -->
  <testcase classname="com.employee.testcase.TC003_Post_Employee_Record" name="checkcontentEncoding" time="0.001"/>
  <testcase classname="com.employee.testcase.TC003_Post_Employee_Record" name="checkserverType" time="0.001">
    <failure type="java.lang.AssertionError" message="expected [nginx/1.14.1] but found [nginx]">
      <![CDATA[java.lang.AssertionError: expected [nginx/1.14.1] but found [nginx]
at com.employee.testcase.TC003_Post_Employee_Record.checkserverType(TC003_Post_Employee_Record.java:103)
at java.base/java.util.ArrayList.forEach(ArrayList.java:1511)
... Removed 33 stack frames]]>
    </failure>
  </testcase> <!-- checkserverType -->
  <testcase classname="com.employee.testcase.TC003_Post_Employee_Record" name="checkstatusLine" time="0.001">
    <failure type="java.lang.AssertionError" message="expected [HTTP/1.1 200 OK] but found [HTTP/1.1 429 Too Many Requests]">
      <![CDATA[java.lang.AssertionError: expected [HTTP/1.1 200 OK] but found [HTTP/1.1 429 Too Many Requests]
at com.employee.testcase.TC003_Post_Employee_Record.checkstatusLine(TC003_Post_Employee_Record.java:88)
at java.base/java.util.ArrayList.forEach(ArrayList.java:1511)
... Removed 33 stack frames]]>
    </failure>
  </testcase> <!-- checkstatusLine -->
</testsuite> <!-- Test -->
