<?xml version="1.0" encoding="UTF-8"?>
<!-- Generated by org.testng.reporters.JUnitXMLReporter -->
<testsuite ignored="0" hostname="LAPTOP-TRL5FLUM" failures="0" tests="6" name="Default test" time="10.174" errors="0" timestamp="2022-05-07T20:39:08 IST">
  <testcase classname="com.employee.testcase.TC003_Post_Employee_Record" name="checkContentType" time="0.009"/>
  <testcase classname="com.employee.testcase.TC003_Post_Employee_Record" name="checkResposeBody" time="1.14"/>
  <testcase classname="com.employee.testcase.TC003_Post_Employee_Record" name="checkStatusCode" time="0.014"/>
  <testcase classname="com.employee.testcase.TC003_Post_Employee_Record" name="checkcontentEncoding" time="0.002"/>
  <testcase classname="com.employee.testcase.TC003_Post_Employee_Record" name="checkserverType" time="0.002"/>
  <testcase classname="com.employee.testcase.TC003_Post_Employee_Record" name="checkstatusLine" time="0.006"/>
</testsuite> <!-- Default test -->
